<?xml version="1.0" encoding="UTF-8"?>
<testng-results skipped="0" failed="0" ignored="0" total="1" passed="1">
  <reporter-output>
  </reporter-output>
  <suite name="Default suite" duration-ms="12367" started-at="2020-02-27T13:09:22 IST" finished-at="2020-02-27T13:09:35 IST">
    <groups>
    </groups>
    <test name="Default test" duration-ms="12367" started-at="2020-02-27T13:09:22 IST" finished-at="2020-02-27T13:09:35 IST">
      <class name="DevOpsProject.DevProClass">
        <test-method status="PASS" signature="LaunchBrowser()[pri:0, instance:DevOpsProject.DevProClass@5ec0a365]" name="LaunchBrowser" duration-ms="12335" started-at="2020-02-27T13:09:22 IST" finished-at="2020-02-27T13:09:35 IST">
          <reporter-output>
          </reporter-output>
        </test-method> <!-- LaunchBrowser -->
      </class> <!-- DevOpsProject.DevProClass -->
    </test> <!-- Default test -->
  </suite> <!-- Default suite -->
</testng-results>
